d:\aro\cpp\liddrivencavity-23-11-21\liddrivencavity\debug\vc142.pdb
d:\aro\cpp\liddrivencavity-23-11-21\liddrivencavity\debug\vc142.idb
d:\aro\cpp\liddrivencavity-23-11-21\liddrivencavity\debug\solution.obj
d:\aro\cpp\liddrivencavity-23-11-21\liddrivencavity\debug\sipsolsolver.obj
d:\aro\cpp\liddrivencavity-23-11-21\liddrivencavity\debug\simple.obj
d:\aro\cpp\liddrivencavity-23-11-21\liddrivencavity\debug\pcgsolver.obj
d:\aro\cpp\liddrivencavity-23-11-21\liddrivencavity\debug\matrixclass.obj
d:\aro\cpp\liddrivencavity-23-11-21\liddrivencavity\debug\fvoperations.obj
d:\aro\cpp\liddrivencavity-23-11-21\liddrivencavity\debug\foralloperations.obj
d:\aro\cpp\liddrivencavity-23-11-21\liddrivencavity\debug\finitematrix.obj
d:\aro\cpp\liddrivencavity-23-11-21\liddrivencavity\debug\filewriter.obj
d:\aro\cpp\liddrivencavity-23-11-21\liddrivencavity\debug\fields.obj
d:\aro\cpp\liddrivencavity-23-11-21\liddrivencavity\debug\equation.obj
d:\aro\cpp\liddrivencavity-23-11-21\liddrivencavity\debug\finitevolume.obj
d:\aro\cpp\liddrivencavity-23-11-21\liddrivencavity\debug\liddrivencavity.obj
d:\aro\cpp\liddrivencavity-23-11-21\liddrivencavity\debug\grid.obj
d:\aro\cpp\liddrivencavity-23-11-21\liddrivencavity\debug\liddrivencavity.exe
d:\aro\cpp\liddrivencavity-23-11-21\liddrivencavity\debug\liddrivencavity.ilk
d:\aro\cpp\liddrivencavity-23-11-21\liddrivencavity\debug\liddrivencavity.pdb
d:\aro\cpp\liddrivencavity-23-11-21\liddrivencavity\debug\liddrivencavity.tlog\cl.command.1.tlog
d:\aro\cpp\liddrivencavity-23-11-21\liddrivencavity\debug\liddrivencavity.tlog\cl.read.1.tlog
d:\aro\cpp\liddrivencavity-23-11-21\liddrivencavity\debug\liddrivencavity.tlog\cl.write.1.tlog
d:\aro\cpp\liddrivencavity-23-11-21\liddrivencavity\debug\liddrivencavity.tlog\link.command.1.tlog
d:\aro\cpp\liddrivencavity-23-11-21\liddrivencavity\debug\liddrivencavity.tlog\link.read.1.tlog
d:\aro\cpp\liddrivencavity-23-11-21\liddrivencavity\debug\liddrivencavity.tlog\link.write.1.tlog
